[debug] [2023-10-17T09:56:07.231Z] ----------------------------------------------------------------------
[debug] [2023-10-17T09:56:07.233Z] Command:       C:\Program Files\nodejs\node.exe C:\Users\anura\AppData\Roaming\npm\node_modules\firebase-tools\lib\bin\firebase.js init
[debug] [2023-10-17T09:56:07.234Z] CLI Version:   12.7.0
[debug] [2023-10-17T09:56:07.234Z] Platform:      win32
[debug] [2023-10-17T09:56:07.234Z] Node Version:  v18.18.1
[debug] [2023-10-17T09:56:07.247Z] Time:          Tue Oct 17 2023 15:26:07 GMT+0530 (India Standard Time)
[debug] [2023-10-17T09:56:07.247Z] ----------------------------------------------------------------------
[debug] 
[debug] [2023-10-17T09:56:07.345Z] > command requires scopes: ["email","openid","https://www.googleapis.com/auth/cloudplatformprojects.readonly","https://www.googleapis.com/auth/firebase","https://www.googleapis.com/auth/cloud-platform"]
[debug] [2023-10-17T09:56:07.346Z] > authorizing via signed-in user (anurag1242557@gmail.com)
[info] 
     ######## #### ########  ######## ########     ###     ######  ########
     ##        ##  ##     ## ##       ##     ##  ##   ##  ##       ##
     ######    ##  ########  ######   ########  #########  ######  ######
     ##        ##  ##    ##  ##       ##     ## ##     ##       ## ##
     ##       #### ##     ## ######## ########  ##     ##  ######  ########

You're about to initialize a Firebase project in this directory:

  C:\Users\anura\Documents\anu-portfolio

Before we get started, keep in mind:

  * You are initializing within an existing Firebase project directory

[info] 
=== Project Setup
[info] 
[info] First, let's associate this project directory with a Firebase project.
[info] You can create multiple project aliases by running firebase use --add, 
[info] but for now we'll just set up a default project.
[info] 
[debug] [2023-10-17T09:57:24.639Z] Using project from CLI flag: anu-ash
[debug] [2023-10-17T09:57:24.645Z] > refreshing access token with scopes: []
[debug] [2023-10-17T09:57:24.647Z] >>> [apiv2][query] POST https://www.googleapis.com/oauth2/v3/token [none]
[debug] [2023-10-17T09:57:24.648Z] >>> [apiv2][body] POST https://www.googleapis.com/oauth2/v3/token [omitted]
[debug] [2023-10-17T09:57:25.177Z] <<< [apiv2][status] POST https://www.googleapis.com/oauth2/v3/token 200
[debug] [2023-10-17T09:57:25.177Z] <<< [apiv2][body] POST https://www.googleapis.com/oauth2/v3/token [omitted]
[debug] [2023-10-17T09:57:25.186Z] >>> [apiv2][query] GET https://firebase.googleapis.com/v1beta1/projects/anu-ash [none]
[debug] [2023-10-17T09:57:27.619Z] <<< [apiv2][status] GET https://firebase.googleapis.com/v1beta1/projects/anu-ash 200
[debug] [2023-10-17T09:57:27.620Z] <<< [apiv2][body] GET https://firebase.googleapis.com/v1beta1/projects/anu-ash {"projectId":"anu-ash","projectNumber":"406885122228","displayName":"anu ash","name":"projects/anu-ash","resources":{"hostingSite":"anu-ash"},"state":"ACTIVE","etag":"1_4c381e69-b6a8-471a-8ce9-1489e499a98d"}
[info] i  Using project anu-ash (anu ash) 
[info] 
=== Hosting:github Setup
[info] 
[info] i  Didn't detect a .git folder. Assuming C:\Users\anura\Documents\anu-portfolio is the project root. 
[info] i  Authorizing with GitHub to upload your service account to a GitHub repository's secrets store. 
[info] 
[info] Visit this URL on this device to log in:
[info] https://github.com/login/oauth/authorize?client_id=89cf50f02ac6aaed3484&state=299776197&redirect_uri=http%3A%2F%2Flocalhost%3A9005&scope=read%3Auser%20repo%20public_repo
[info] 
[info] Waiting for authentication...
[debug] [2023-10-17T09:57:28.557Z] >>> [apiv2][query] POST https://github.com/login/oauth/access_token [none]
[debug] [2023-10-17T09:57:28.558Z] >>> [apiv2][body] POST https://github.com/login/oauth/access_token [stream]
[debug] [2023-10-17T09:57:28.948Z] <<< [apiv2][status] POST https://github.com/login/oauth/access_token 200
[debug] [2023-10-17T09:57:28.948Z] <<< [apiv2][body] POST https://github.com/login/oauth/access_token {"access_token":"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","token_type":"bearer","scope":"read:user,repo"}
[debug] [2023-10-17T09:57:28.961Z] >>> [apiv2][query] GET https://api.github.com/user [none]
[debug] [2023-10-17T09:57:29.400Z] <<< [apiv2][status] GET https://api.github.com/user 200
[debug] [2023-10-17T09:57:29.400Z] <<< [apiv2][body] GET https://api.github.com/user {"login":"anuraghit","id":57986981,"node_id":"MDQ6VXNlcjU3OTg2OTgx","avatar_url":"https://avatars.githubusercontent.com/u/57986981?v=4","gravatar_id":"","url":"https://api.github.com/users/anuraghit","html_url":"https://github.com/anuraghit","followers_url":"https://api.github.com/users/anuraghit/followers","following_url":"https://api.github.com/users/anuraghit/following{/other_user}","gists_url":"https://api.github.com/users/anuraghit/gists{/gist_id}","starred_url":"https://api.github.com/users/anuraghit/starred{/owner}{/repo}","subscriptions_url":"https://api.github.com/users/anuraghit/subscriptions","organizations_url":"https://api.github.com/users/anuraghit/orgs","repos_url":"https://api.github.com/users/anuraghit/repos","events_url":"https://api.github.com/users/anuraghit/events{/privacy}","received_events_url":"https://api.github.com/users/anuraghit/received_events","type":"User","site_admin":false,"name":"Anurag Sharma","company":null,"blog":"","location":null,"email":null,"hireable":null,"bio":null,"twitter_username":"anuraghit","public_repos":13,"public_gists":0,"followers":3,"following":14,"created_at":"2019-11-20T09:41:13Z","updated_at":"2023-10-11T14:51:50Z","private_gists":0,"total_private_repos":2,"owned_private_repos":2,"disk_usage":141443,"collaborators":0,"two_factor_authentication":false,"plan":{"name":"pro","space":976562499,"collaborators":0,"private_repos":9999}}
[info] 
[info] +  Success! Logged into GitHub as anuraghit 
[info] 
[debug] [2023-10-17T09:58:09.839Z] >>> [apiv2][query] GET https://api.github.com/repos/anuraghit/anurag-ash/actions/secrets/public-key type=owner
[debug] [2023-10-17T09:58:10.297Z] <<< [apiv2][status] GET https://api.github.com/repos/anuraghit/anurag-ash/actions/secrets/public-key 200
[debug] [2023-10-17T09:58:10.297Z] <<< [apiv2][body] GET https://api.github.com/repos/anuraghit/anurag-ash/actions/secrets/public-key {"key_id":"568250167242549743","key":"/q9sErS63wcqb+I2IwIzZc0E6/WL7AV8CXdkrC/dDS4="}
[debug] [2023-10-17T09:58:10.299Z] >>> [apiv2][query] GET https://api.github.com/repos/anuraghit/anurag-ash [none]
[debug] [2023-10-17T09:58:11.042Z] <<< [apiv2][status] GET https://api.github.com/repos/anuraghit/anurag-ash 200
[debug] [2023-10-17T09:58:11.042Z] <<< [apiv2][body] GET https://api.github.com/repos/anuraghit/anurag-ash {"id":706013197,"node_id":"R_kgDOKhToDQ","name":"anurag-ash","full_name":"anuraghit/anurag-ash","private":false,"owner":{"login":"anuraghit","id":57986981,"node_id":"MDQ6VXNlcjU3OTg2OTgx","avatar_url":"https://avatars.githubusercontent.com/u/57986981?v=4","gravatar_id":"","url":"https://api.github.com/users/anuraghit","html_url":"https://github.com/anuraghit","followers_url":"https://api.github.com/users/anuraghit/followers","following_url":"https://api.github.com/users/anuraghit/following{/other_user}","gists_url":"https://api.github.com/users/anuraghit/gists{/gist_id}","starred_url":"https://api.github.com/users/anuraghit/starred{/owner}{/repo}","subscriptions_url":"https://api.github.com/users/anuraghit/subscriptions","organizations_url":"https://api.github.com/users/anuraghit/orgs","repos_url":"https://api.github.com/users/anuraghit/repos","events_url":"https://api.github.com/users/anuraghit/events{/privacy}","received_events_url":"https://api.github.com/users/anuraghit/received_events","type":"User","site_admin":false},"html_url":"https://github.com/anuraghit/anurag-ash","description":null,"fork":false,"url":"https://api.github.com/repos/anuraghit/anurag-ash","forks_url":"https://api.github.com/repos/anuraghit/anurag-ash/forks","keys_url":"https://api.github.com/repos/anuraghit/anurag-ash/keys{/key_id}","collaborators_url":"https://api.github.com/repos/anuraghit/anurag-ash/collaborators{/collaborator}","teams_url":"https://api.github.com/repos/anuraghit/anurag-ash/teams","hooks_url":"https://api.github.com/repos/anuraghit/anurag-ash/hooks","issue_events_url":"https://api.github.com/repos/anuraghit/anurag-ash/issues/events{/number}","events_url":"https://api.github.com/repos/anuraghit/anurag-ash/events","assignees_url":"https://api.github.com/repos/anuraghit/anurag-ash/assignees{/user}","branches_url":"https://api.github.com/repos/anuraghit/anurag-ash/branches{/branch}","tags_url":"https://api.github.com/repos/anuraghit/anurag-ash/tags","blobs_url":"https://api.github.com/repos/anuraghit/anurag-ash/git/blobs{/sha}","git_tags_url":"https://api.github.com/repos/anuraghit/anurag-ash/git/tags{/sha}","git_refs_url":"https://api.github.com/repos/anuraghit/anurag-ash/git/refs{/sha}","trees_url":"https://api.github.com/repos/anuraghit/anurag-ash/git/trees{/sha}","statuses_url":"https://api.github.com/repos/anuraghit/anurag-ash/statuses/{sha}","languages_url":"https://api.github.com/repos/anuraghit/anurag-ash/languages","stargazers_url":"https://api.github.com/repos/anuraghit/anurag-ash/stargazers","contributors_url":"https://api.github.com/repos/anuraghit/anurag-ash/contributors","subscribers_url":"https://api.github.com/repos/anuraghit/anurag-ash/subscribers","subscription_url":"https://api.github.com/repos/anuraghit/anurag-ash/subscription","commits_url":"https://api.github.com/repos/anuraghit/anurag-ash/commits{/sha}","git_commits_url":"https://api.github.com/repos/anuraghit/anurag-ash/git/commits{/sha}","comments_url":"https://api.github.com/repos/anuraghit/anurag-ash/comments{/number}","issue_comment_url":"https://api.github.com/repos/anuraghit/anurag-ash/issues/comments{/number}","contents_url":"https://api.github.com/repos/anuraghit/anurag-ash/contents/{+path}","compare_url":"https://api.github.com/repos/anuraghit/anurag-ash/compare/{base}...{head}","merges_url":"https://api.github.com/repos/anuraghit/anurag-ash/merges","archive_url":"https://api.github.com/repos/anuraghit/anurag-ash/{archive_format}{/ref}","downloads_url":"https://api.github.com/repos/anuraghit/anurag-ash/downloads","issues_url":"https://api.github.com/repos/anuraghit/anurag-ash/issues{/number}","pulls_url":"https://api.github.com/repos/anuraghit/anurag-ash/pulls{/number}","milestones_url":"https://api.github.com/repos/anuraghit/anurag-ash/milestones{/number}","notifications_url":"https://api.github.com/repos/anuraghit/anurag-ash/notifications{?since,all,participating}","labels_url":"https://api.github.com/repos/anuraghit/anurag-ash/labels{/name}","releases_url":"https://api.github.com/repos/anuraghit/anurag-ash/releases{/id}","deployments_url":"https://api.github.com/repos/anuraghit/anurag-ash/deployments","created_at":"2023-10-17T06:21:46Z","updated_at":"2023-10-17T06:21:47Z","pushed_at":"2023-10-17T06:21:47Z","git_url":"git://github.com/anuraghit/anurag-ash.git","ssh_url":"git@github.com:anuraghit/anurag-ash.git","clone_url":"https://github.com/anuraghit/anurag-ash.git","svn_url":"https://github.com/anuraghit/anurag-ash","homepage":null,"size":0,"stargazers_count":0,"watchers_count":0,"language":null,"has_issues":true,"has_projects":true,"has_downloads":true,"has_wiki":true,"has_pages":false,"has_discussions":false,"forks_count":0,"mirror_url":null,"archived":false,"disabled":false,"open_issues_count":0,"license":null,"allow_forking":true,"is_template":false,"web_commit_signoff_required":false,"topics":[],"visibility":"public","forks":0,"open_issues":0,"watchers":0,"default_branch":"main","permissions":{"admin":true,"maintain":true,"push":true,"triage":true,"pull":true},"temp_clone_token":"","allow_squash_merge":true,"allow_merge_commit":true,"allow_rebase_merge":true,"allow_auto_merge":false,"delete_branch_on_merge":false,"allow_update_branch":false,"use_squash_pr_title_as_default":false,"squash_merge_commit_message":"COMMIT_MESSAGES","squash_merge_commit_title":"COMMIT_OR_PR_TITLE","merge_commit_message":"PR_TITLE","merge_commit_title":"MERGE_MESSAGE","security_and_analysis":{"secret_scanning":{"status":"disabled"},"secret_scanning_push_protection":{"status":"disabled"},"dependabot_security_updates":{"status":"enabled"}},"network_count":0,"subscribers_count":1}
[debug] [2023-10-17T09:58:11.044Z] >>> [apiv2][query] POST https://iam.googleapis.com/v1/projects/anu-ash/serviceAccounts [none]
[debug] [2023-10-17T09:58:11.044Z] >>> [apiv2][body] POST https://iam.googleapis.com/v1/projects/anu-ash/serviceAccounts {"accountId":"github-action-706013197","serviceAccount":{"displayName":"GitHub Actions (anuraghit/anurag-ash)","description":"A service account with permission to deploy to Firebase Hosting and Cloud Functions for the GitHub repository anuraghit/anurag-ash"}}
[debug] [2023-10-17T09:58:13.514Z] <<< [apiv2][status] POST https://iam.googleapis.com/v1/projects/anu-ash/serviceAccounts 200
[debug] [2023-10-17T09:58:13.514Z] <<< [apiv2][body] POST https://iam.googleapis.com/v1/projects/anu-ash/serviceAccounts [omitted]
[debug] [2023-10-17T09:58:13.514Z] >>> [apiv2][query] GET https://iam.googleapis.com/v1/projects/anu-ash/serviceAccounts/github-action-706013197@anu-ash.iam.gserviceaccount.com [none]
[debug] [2023-10-17T09:58:13.516Z] >>> [apiv2][query] POST https://cloudresourcemanager.googleapis.com/v1/projects/anu-ash:getIamPolicy [none]
[debug] [2023-10-17T09:58:15.313Z] <<< [apiv2][status] GET https://iam.googleapis.com/v1/projects/anu-ash/serviceAccounts/github-action-706013197@anu-ash.iam.gserviceaccount.com 200
[debug] [2023-10-17T09:58:15.313Z] <<< [apiv2][body] GET https://iam.googleapis.com/v1/projects/anu-ash/serviceAccounts/github-action-706013197@anu-ash.iam.gserviceaccount.com {"name":"projects/anu-ash/serviceAccounts/github-action-706013197@anu-ash.iam.gserviceaccount.com","projectId":"anu-ash","uniqueId":"111194877305437713023","email":"github-action-706013197@anu-ash.iam.gserviceaccount.com","displayName":"GitHub Actions (anuraghit/anurag-ash)","etag":"MDEwMjE5MjA=","description":"A service account with permission to deploy to Firebase Hosting and Cloud Functions for the GitHub repository anuraghit/anurag-ash","oauth2ClientId":"111194877305437713023"}
[debug] [2023-10-17T09:58:15.558Z] <<< [apiv2][status] POST https://cloudresourcemanager.googleapis.com/v1/projects/anu-ash:getIamPolicy 200
[debug] [2023-10-17T09:58:15.558Z] <<< [apiv2][body] POST https://cloudresourcemanager.googleapis.com/v1/projects/anu-ash:getIamPolicy {"version":1,"etag":"BwYH5T4Q5uA=","bindings":[{"role":"roles/firebase.managementServiceAgent","members":["serviceAccount:firebase-service-account@firebase-sa-management.iam.gserviceaccount.com","serviceAccount:service-406885122228@gcp-sa-firebase.iam.gserviceaccount.com"]},{"role":"roles/firebase.sdkAdminServiceAgent","members":["serviceAccount:firebase-adminsdk-66sgs@anu-ash.iam.gserviceaccount.com"]},{"role":"roles/firebaserules.system","members":["serviceAccount:service-406885122228@firebase-rules.iam.gserviceaccount.com"]},{"role":"roles/iam.serviceAccountTokenCreator","members":["serviceAccount:firebase-adminsdk-66sgs@anu-ash.iam.gserviceaccount.com"]},{"role":"roles/owner","members":["user:anurag1242557@gmail.com"]},{"role":"roles/pubsub.serviceAgent","members":["serviceAccount:service-406885122228@gcp-sa-pubsub.iam.gserviceaccount.com"]}]}
[debug] [2023-10-17T09:58:15.559Z] >>> [apiv2][query] POST https://cloudresourcemanager.googleapis.com/v1/projects/anu-ash:setIamPolicy [none]
[debug] [2023-10-17T09:58:15.559Z] >>> [apiv2][body] POST https://cloudresourcemanager.googleapis.com/v1/projects/anu-ash:setIamPolicy {"policy":{"version":1,"etag":"BwYH5T4Q5uA=","bindings":[{"role":"roles/firebase.managementServiceAgent","members":["serviceAccount:firebase-service-account@firebase-sa-management.iam.gserviceaccount.com","serviceAccount:service-406885122228@gcp-sa-firebase.iam.gserviceaccount.com"]},{"role":"roles/firebase.sdkAdminServiceAgent","members":["serviceAccount:firebase-adminsdk-66sgs@anu-ash.iam.gserviceaccount.com"]},{"role":"roles/firebaserules.system","members":["serviceAccount:service-406885122228@firebase-rules.iam.gserviceaccount.com"]},{"role":"roles/iam.serviceAccountTokenCreator","members":["serviceAccount:firebase-adminsdk-66sgs@anu-ash.iam.gserviceaccount.com"]},{"role":"roles/owner","members":["user:anurag1242557@gmail.com"]},{"role":"roles/pubsub.serviceAgent","members":["serviceAccount:service-406885122228@gcp-sa-pubsub.iam.gserviceaccount.com"]},{"role":"roles/firebaseauth.admin","members":["serviceAccount:github-action-706013197@anu-ash.iam.gserviceaccount.com"]},{"role":"roles/serviceusage.apiKeysViewer","members":["serviceAccount:github-action-706013197@anu-ash.iam.gserviceaccount.com"]},{"role":"roles/firebasehosting.admin","members":["serviceAccount:github-action-706013197@anu-ash.iam.gserviceaccount.com"]},{"role":"roles/run.viewer","members":["serviceAccount:github-action-706013197@anu-ash.iam.gserviceaccount.com"]},{"role":"roles/cloudfunctions.developer","members":["serviceAccount:github-action-706013197@anu-ash.iam.gserviceaccount.com"]}]},"updateMask":"bindings"}
[debug] [2023-10-17T09:58:17.988Z] <<< [apiv2][status] POST https://cloudresourcemanager.googleapis.com/v1/projects/anu-ash:setIamPolicy 200
[debug] [2023-10-17T09:58:17.988Z] <<< [apiv2][body] POST https://cloudresourcemanager.googleapis.com/v1/projects/anu-ash:setIamPolicy {"version":1,"etag":"BwYH5o/hYDY=","bindings":[{"role":"roles/cloudfunctions.developer","members":["serviceAccount:github-action-706013197@anu-ash.iam.gserviceaccount.com"]},{"role":"roles/firebase.managementServiceAgent","members":["serviceAccount:firebase-service-account@firebase-sa-management.iam.gserviceaccount.com","serviceAccount:service-406885122228@gcp-sa-firebase.iam.gserviceaccount.com"]},{"role":"roles/firebase.sdkAdminServiceAgent","members":["serviceAccount:firebase-adminsdk-66sgs@anu-ash.iam.gserviceaccount.com"]},{"role":"roles/firebaseauth.admin","members":["serviceAccount:github-action-706013197@anu-ash.iam.gserviceaccount.com"]},{"role":"roles/firebasehosting.admin","members":["serviceAccount:github-action-706013197@anu-ash.iam.gserviceaccount.com"]},{"role":"roles/firebaserules.system","members":["serviceAccount:service-406885122228@firebase-rules.iam.gserviceaccount.com"]},{"role":"roles/iam.serviceAccountTokenCreator","members":["serviceAccount:firebase-adminsdk-66sgs@anu-ash.iam.gserviceaccount.com"]},{"role":"roles/owner","members":["user:anurag1242557@gmail.com"]},{"role":"roles/pubsub.serviceAgent","members":["serviceAccount:service-406885122228@gcp-sa-pubsub.iam.gserviceaccount.com"]},{"role":"roles/run.viewer","members":["serviceAccount:github-action-706013197@anu-ash.iam.gserviceaccount.com"]},{"role":"roles/serviceusage.apiKeysViewer","members":["serviceAccount:github-action-706013197@anu-ash.iam.gserviceaccount.com"]}]}
[debug] [2023-10-17T09:58:17.988Z] >>> [apiv2][query] POST https://iam.googleapis.com/v1/projects/anu-ash/serviceAccounts/github-action-706013197@anu-ash.iam.gserviceaccount.com/keys [none]
[debug] [2023-10-17T09:58:17.988Z] >>> [apiv2][body] POST https://iam.googleapis.com/v1/projects/anu-ash/serviceAccounts/github-action-706013197@anu-ash.iam.gserviceaccount.com/keys {"keyAlgorithm":"KEY_ALG_UNSPECIFIED","privateKeyType":"TYPE_GOOGLE_CREDENTIALS_FILE"}
